<html xmlns:math="http://exslt.org/math" xmlns:testng="http://testng.org">
   <head>
      <title>TestNG Results</title>
      <meta http-equiv="content-type" content="text/html; charset=utf-8"></meta>
      <meta http-equiv="pragma" content="no-cache"></meta>
      <meta http-equiv="cache-control" content="max-age=0"></meta>
      <meta http-equiv="cache-control" content="no-cache"></meta>
      <meta http-equiv="cache-control" content="no-store"></meta>
      <LINK rel="stylesheet" href="style.css"></LINK>
      <script type="text/javascript" src="main.js"></script>
   </head>
   <body>
      <table width="100%" style="font-size: 16px; margin-bottom: 10px;" cellspacing="1">
         <tr>
            <td width="100%">
               Test case
               
               <b>Andorid Test</b>
            </td>
            <td style="background-color: #FFBBBB; padding: 3px 3px 3px 0;" align="center">
               <div style="width: 50px;">0</div>
            </td>
            <td style="background-color: lightgreen; padding: 3px 3px 3px 0;" align="center">
               <div style="width: 50px;">0</div>
            </td>
            <td style="background-color: #FFFFBB; padding: 3px 3px 3px 0;" align="center">
               <div style="width: 50px;">1</div>
            </td>
            <td align="center" style="background-color: #eaf0f7; padding: 3px 3px 3px 0;">
               <div style="width: 50px;">1</div>
            </td>
            <td align="center"
                style="font-weight: bold; background-color: #eaf0f7; padding: 3px 3px 3px 0;">
               <div style="width: 50px;">0%</div>
            </td>
            <td style="background-color: #eaf0f7; padding: 3px 3px 3px 0;" align="center"
                nowrap="true">1s
               
            </td>
         </tr>
      </table>
      <div style="width: 200px;">
         <label for="groupMethodsCheckBox" style="font-weight: bold; margin: 0;">
            <input id="groupMethodsCheckBox" type="checkbox" onclick="switchTestMethodsView(this)"></input>
            Group by class
            
         </label>
         <br></br>
         <label for="methodsFilter_ALL" style="font-weight: bold; margin: 0;">
            <input id="methodsFilter_ALL" type="checkbox"
                   onclick="testMethodsFilterChanged(this, 'ALL')"></input>
            All
            
         </label>
      </div>
      <label for="methodsFilter_FAIL" style="margin-left: 20px;">
         <input id="methodsFilter_FAIL" type="checkbox"
                onclick="testMethodsFilterChanged(this, 'FAIL')"
                checked=""></input>
         Failed
         
      </label>
      <label for="methodsFilter_PASS">
         <input id="methodsFilter_PASS" type="checkbox"
                onclick="testMethodsFilterChanged(this, 'PASS')"
                checked=""></input>
         Passed
         
      </label>
      <label for="methodsFilter_SKIP">
         <input id="methodsFilter_SKIP" type="checkbox"
                onclick="testMethodsFilterChanged(this, 'SKIP')"
                checked=""></input>
         Skipped
         
      </label>
      <label for="methodsFilter_CONF">
         <input id="methodsFilter_CONF" type="checkbox"
                onclick="testMethodsFilterChanged(this, 'CONF')"></input>
         Config
         
      </label>
      <br></br>
      <div id="testMethodsByStatus">
         <table class="testMethodsTable" cellpadding="0" cellspacing="0">
            <tr class="methodsTableHeader">
               <td width="100%">Name</td>
               <td nowrap="true">Started</td>
               <td nowrap="true">Duration</td>
               <td>Exception</td>
            </tr>
            <tr id="SeGridTest_setup_byStatus_failed_FAIL1_row"
                class="testMethodStatusFAIL testMethodStatusCONF">
               <td width="100%" class="firstMethodCell">
                  <a onclick="toggleDetailsVisibility('SeGridTest_setup_byStatus_failed_FAIL1_details')">setup(Android
                     
                     ,
                     
                     Android
                     
                     ,
                     
                     4.4
                     
                     ,
                     
                     http://dl.dropbox.com/u/55228056/mobilebmicalculator.html)
                  </a>
               </td>
               <td nowrap="true">23:11:34</td>
               <td nowrap="true" align="right">0 ms
                  
               </td>
               <td nowrap="true">
                  <a onclick="toggleDetailsVisibility('SeGridTest_setup_byStatus_failed_FAIL1_exception')">org.openqa.selenium.WebDriverException: 
                     The path to the driver executable must be set by the webdriver.chrome.driver system property; for more information, see http://code.google.com/p/selenium/wiki/ChromeDriver.
                     The latest version can be downloaded from http://chromedriver.storage.googleapis.com/index.html
                     Command duration or timeout: 1.03 seconds
                     Build info: version: 'unknown', revision: 'unknown', time: 'unknown'
                     System info: host: 'MLB-BWTCL-4402', ip: '172.29.16.55', os.name: 'Windows 7', os.arch: 'amd64', os.version: '6.1', java.version:
                     '1.7.0_21'
                     Driver info: org.openqa.selenium.remote.RemoteWebDriver
                     
                  </a>
                   
                  
               </td>
            </tr>
            <tr>
               <td colspan="4" class="detailsBox">
                  <div id="SeGridTest_setup_byStatus_failed_FAIL1_details" class="testMethodDetails">
                     <div>
                        <b>Name: </b>setup
                     </div>
                     <div>
                        <b>Signature: </b>setup(java.lang.String, java.lang.String, java.lang.String, java.lang.String)
                     </div>
                     <div>
                        <b>Parameters: </b>
                        
                        Android
                        
                        ,
                        
                        Android
                        
                        ,
                        
                        4.4
                        
                        ,
                        
                        http://dl.dropbox.com/u/55228056/mobilebmicalculator.html
                        
                        
                     </div>
                     <div>
                        <b>Start time: </b>23:11:34
                     </div>
                     <div>
                        <b>End time: </b>23:11:34
                     </div>
                     <div>
                        <b>Duration: </b>0 ms
                        
                     </div>
                  </div>
               </td>
            </tr>
            <tr>
               <td colspan="4" class="detailsBox">
                  <div id="SeGridTest_setup_byStatus_failed_FAIL1_exception" class="testMethodDetails">
                     <pre style="padding: 5px; margin: 0;">org.openqa.selenium.WebDriverException: The path to the driver executable must be set by the webdriver.chrome.driver system
                        property; for more information, see http://code.google.com/p/selenium/wiki/ChromeDriver. The latest version can be downloaded
                        from http://chromedriver.storage.googleapis.com/index.html
                        Command duration or timeout: 1.03 seconds
                        Build info: version: 'unknown', revision: 'unknown', time: 'unknown'
                        System info: host: 'MLB-BWTCL-4402', ip: '172.29.16.55', os.name: 'Windows 7', os.arch: 'amd64', os.version: '6.1', java.version:
                        '1.7.0_21'
                        Driver info: org.openqa.selenium.remote.RemoteWebDriver
                        	at sun.reflect.NativeConstructorAccessorImpl.newInstance0(Native Method)
                        	at sun.reflect.NativeConstructorAccessorImpl.newInstance(NativeConstructorAccessorImpl.java:57)
                        	at sun.reflect.DelegatingConstructorAccessorImpl.newInstance(DelegatingConstructorAccessorImpl.java:45)
                        	at java.lang.reflect.Constructor.newInstance(Constructor.java:525)
                        	at org.openqa.selenium.remote.ErrorHandler.createThrowable(ErrorHandler.java:193)
                        	at org.openqa.selenium.remote.ErrorHandler.throwIfResponseFailed(ErrorHandler.java:145)
                        	at org.openqa.selenium.remote.RemoteWebDriver.execute(RemoteWebDriver.java:554)
                        	at org.openqa.selenium.remote.RemoteWebDriver.startSession(RemoteWebDriver.java:216)
                        	at org.openqa.selenium.remote.RemoteWebDriver.&lt;init&gt;(RemoteWebDriver.java:111)
                        	at org.openqa.selenium.remote.RemoteWebDriver.&lt;init&gt;(RemoteWebDriver.java:129)
                        	at SeGridTest.setup(SeGridTest.java:60)
                        	at sun.reflect.NativeMethodAccessorImpl.invoke0(Native Method)
                        	at sun.reflect.NativeMethodAccessorImpl.invoke(NativeMethodAccessorImpl.java:57)
                        	at sun.reflect.DelegatingMethodAccessorImpl.invoke(DelegatingMethodAccessorImpl.java:43)
                        	at java.lang.reflect.Method.invoke(Method.java:601)
                        	at org.testng.internal.MethodInvocationHelper.invokeMethod(MethodInvocationHelper.java:76)
                        	at org.testng.internal.Invoker.invokeConfigurationMethod(Invoker.java:525)
                        	at org.testng.internal.Invoker.invokeConfigurations(Invoker.java:202)
                        	at org.testng.internal.Invoker.invokeConfigurations(Invoker.java:130)
                        	at org.testng.TestRunner.beforeRun(TestRunner.java:624)
                        	at org.testng.TestRunner.run(TestRunner.java:592)
                        	at org.testng.SuiteRunner.runTest(SuiteRunner.java:317)
                        	at org.testng.SuiteRunner.access$000(SuiteRunner.java:34)
                        	at org.testng.SuiteRunner$SuiteWorker.run(SuiteRunner.java:351)
                        	at org.testng.internal.thread.ThreadUtil$CountDownLatchedRunnable.run(ThreadUtil.java:147)
                        	at java.util.concurrent.ThreadPoolExecutor.runWorker(ThreadPoolExecutor.java:1145)
                        	at java.util.concurrent.ThreadPoolExecutor$Worker.run(ThreadPoolExecutor.java:615)
                        	at java.lang.Thread.run(Thread.java:722)
                        Caused by: java.lang.IllegalStateException: The path to the driver executable must be set by the webdriver.chrome.driver system
                        property; for more information, see http://code.google.com/p/selenium/wiki/ChromeDriver. The latest version can be downloaded
                        from http://chromedriver.storage.googleapis.com/index.html
                        	at com.google.common.base.Preconditions.checkState(Preconditions.java:177)
                        	at org.openqa.selenium.remote.service.DriverService.findExecutable(DriverService.java:105)
                        	at org.openqa.selenium.chrome.ChromeDriverService.createDefaultService(ChromeDriverService.java:75)
                        	at org.openqa.selenium.chrome.ChromeDriver.&lt;init&gt;(ChromeDriver.java:129)
                        	at sun.reflect.NativeConstructorAccessorImpl.newInstance0(Native Method)
                        	at sun.reflect.NativeConstructorAccessorImpl.newInstance(Unknown Source)
                        	at sun.reflect.DelegatingConstructorAccessorImpl.newInstance(Unknown Source)
                        	at java.lang.reflect.Constructor.newInstance(Unknown Source)
                        	at org.openqa.selenium.remote.server.DefaultDriverFactory.callConstructor(DefaultDriverFactory.java:62)
                        	at org.openqa.selenium.remote.server.DefaultDriverFactory.newInstance(DefaultDriverFactory.java:56)
                        	at org.openqa.selenium.remote.server.DefaultSession$BrowserCreator.call(DefaultSession.java:216)
                        	at org.openqa.selenium.remote.server.DefaultSession$BrowserCreator.call(DefaultSession.java:1)
                        	at java.util.concurrent.FutureTask.run(Unknown Source)
                        	at org.openqa.selenium.remote.server.DefaultSession$1.run(DefaultSession.java:170)
                        	at java.util.concurrent.ThreadPoolExecutor.runWorker(Unknown Source)
                        	at java.util.concurrent.ThreadPoolExecutor$Worker.run(Unknown Source)
                        	at java.lang.Thread.run(Unknown Source)
                     </pre>
                  </div>
               </td>
            </tr>
            <tr id="SeGridTest_testBmiCalculator_byStatus_skiped_SKIP1_row"
                class="testMethodStatusSKIP">
               <td width="100%" class="firstMethodCell">
                  <a onclick="toggleDetailsVisibility('SeGridTest_testBmiCalculator_byStatus_skiped_SKIP1_details')">testBmiCalculator()</a>
               </td>
               <td nowrap="true">23:11:35</td>
               <td nowrap="true" align="right">1 ms
                  
               </td>
               <td nowrap="true">
                   
                  
               </td>
            </tr>
            <tr>
               <td colspan="4" class="detailsBox">
                  <div id="SeGridTest_testBmiCalculator_byStatus_skiped_SKIP1_details"
                       class="testMethodDetails">
                     <div>
                        <b>Name: </b>testBmiCalculator
                     </div>
                     <div>
                        <b>Description: </b>Test Bmi Calculator
                     </div>
                     <div>
                        <b>Signature: </b>testBmiCalculator()
                     </div>
                     <div>
                        <b>Start time: </b>23:11:35
                     </div>
                     <div>
                        <b>End time: </b>23:11:35
                     </div>
                     <div>
                        <b>Duration: </b>1 ms
                        
                     </div>
                  </div>
               </td>
            </tr>
            <tr></tr>
            <tr id="SeGridTest_afterTest_byStatus_skiped_SKIP2_row"
                class="testMethodStatusSKIP testMethodStatusCONF">
               <td width="100%" class="firstMethodCell">
                  <a onclick="toggleDetailsVisibility('SeGridTest_afterTest_byStatus_skiped_SKIP2_details')">afterTest()</a>
               </td>
               <td nowrap="true">23:11:35</td>
               <td nowrap="true" align="right">0 ms
                  
               </td>
               <td nowrap="true">
                   
                  
               </td>
            </tr>
            <tr>
               <td colspan="4" class="detailsBox">
                  <div id="SeGridTest_afterTest_byStatus_skiped_SKIP2_details"
                       class="testMethodDetails">
                     <div>
                        <b>Name: </b>afterTest
                     </div>
                     <div>
                        <b>Signature: </b>afterTest()
                     </div>
                     <div>
                        <b>Start time: </b>23:11:35
                     </div>
                     <div>
                        <b>End time: </b>23:11:35
                     </div>
                     <div>
                        <b>Duration: </b>0 ms
                        
                     </div>
                  </div>
               </td>
            </tr>
            <tr></tr>
         </table>
      </div>
      <div id="testMethodsByClass" style="display: none;">
         <table class="testMethodsTable" cellpadding="0" cellspacing="0">
            <tr>
               <td colspan="4">
                  <h3 style="display: inline;">SeGridTest</h3>
               </td>
            </tr>
            <tr class="methodsTableHeader">
               <td width="100%">Name</td>
               <td nowrap="true">Started</td>
               <td nowrap="true">Duration</td>
               <td>Exception</td>
            </tr>
            <tr id="SeGridTest_setup_byClass_FAIL1_row"
                class="testMethodStatusFAIL testMethodStatusCONF">
               <td width="100%" class="firstMethodCell">
                  <a onclick="toggleDetailsVisibility('SeGridTest_setup_byClass_FAIL1_details')">setup(Android
                     
                     ,
                     
                     Android
                     
                     ,
                     
                     4.4
                     
                     ,
                     
                     http://dl.dropbox.com/u/55228056/mobilebmicalculator.html)
                  </a>
               </td>
               <td nowrap="true">23:11:34</td>
               <td nowrap="true" align="right">0 ms
                  
               </td>
               <td nowrap="true">
                  <a onclick="toggleDetailsVisibility('SeGridTest_setup_byClass_FAIL1_exception')">org.openqa.selenium.WebDriverException: 
                     The path to the driver executable must be set by the webdriver.chrome.driver system property; for more information, see http://code.google.com/p/selenium/wiki/ChromeDriver.
                     The latest version can be downloaded from http://chromedriver.storage.googleapis.com/index.html
                     Command duration or timeout: 1.03 seconds
                     Build info: version: 'unknown', revision: 'unknown', time: 'unknown'
                     System info: host: 'MLB-BWTCL-4402', ip: '172.29.16.55', os.name: 'Windows 7', os.arch: 'amd64', os.version: '6.1', java.version:
                     '1.7.0_21'
                     Driver info: org.openqa.selenium.remote.RemoteWebDriver
                     
                  </a>
                   
                  
               </td>
            </tr>
            <tr>
               <td colspan="4" class="detailsBox">
                  <div id="SeGridTest_setup_byClass_FAIL1_details" class="testMethodDetails">
                     <div>
                        <b>Name: </b>setup
                     </div>
                     <div>
                        <b>Signature: </b>setup(java.lang.String, java.lang.String, java.lang.String, java.lang.String)
                     </div>
                     <div>
                        <b>Parameters: </b>
                        
                        Android
                        
                        ,
                        
                        Android
                        
                        ,
                        
                        4.4
                        
                        ,
                        
                        http://dl.dropbox.com/u/55228056/mobilebmicalculator.html
                        
                        
                     </div>
                     <div>
                        <b>Start time: </b>23:11:34
                     </div>
                     <div>
                        <b>End time: </b>23:11:34
                     </div>
                     <div>
                        <b>Duration: </b>0 ms
                        
                     </div>
                  </div>
               </td>
            </tr>
            <tr>
               <td colspan="4" class="detailsBox">
                  <div id="SeGridTest_setup_byClass_FAIL1_exception" class="testMethodDetails">
                     <pre style="padding: 5px; margin: 0;">org.openqa.selenium.WebDriverException: The path to the driver executable must be set by the webdriver.chrome.driver system
                        property; for more information, see http://code.google.com/p/selenium/wiki/ChromeDriver. The latest version can be downloaded
                        from http://chromedriver.storage.googleapis.com/index.html
                        Command duration or timeout: 1.03 seconds
                        Build info: version: 'unknown', revision: 'unknown', time: 'unknown'
                        System info: host: 'MLB-BWTCL-4402', ip: '172.29.16.55', os.name: 'Windows 7', os.arch: 'amd64', os.version: '6.1', java.version:
                        '1.7.0_21'
                        Driver info: org.openqa.selenium.remote.RemoteWebDriver
                        	at sun.reflect.NativeConstructorAccessorImpl.newInstance0(Native Method)
                        	at sun.reflect.NativeConstructorAccessorImpl.newInstance(NativeConstructorAccessorImpl.java:57)
                        	at sun.reflect.DelegatingConstructorAccessorImpl.newInstance(DelegatingConstructorAccessorImpl.java:45)
                        	at java.lang.reflect.Constructor.newInstance(Constructor.java:525)
                        	at org.openqa.selenium.remote.ErrorHandler.createThrowable(ErrorHandler.java:193)
                        	at org.openqa.selenium.remote.ErrorHandler.throwIfResponseFailed(ErrorHandler.java:145)
                        	at org.openqa.selenium.remote.RemoteWebDriver.execute(RemoteWebDriver.java:554)
                        	at org.openqa.selenium.remote.RemoteWebDriver.startSession(RemoteWebDriver.java:216)
                        	at org.openqa.selenium.remote.RemoteWebDriver.&lt;init&gt;(RemoteWebDriver.java:111)
                        	at org.openqa.selenium.remote.RemoteWebDriver.&lt;init&gt;(RemoteWebDriver.java:129)
                        	at SeGridTest.setup(SeGridTest.java:60)
                        	at sun.reflect.NativeMethodAccessorImpl.invoke0(Native Method)
                        	at sun.reflect.NativeMethodAccessorImpl.invoke(NativeMethodAccessorImpl.java:57)
                        	at sun.reflect.DelegatingMethodAccessorImpl.invoke(DelegatingMethodAccessorImpl.java:43)
                        	at java.lang.reflect.Method.invoke(Method.java:601)
                        	at org.testng.internal.MethodInvocationHelper.invokeMethod(MethodInvocationHelper.java:76)
                        	at org.testng.internal.Invoker.invokeConfigurationMethod(Invoker.java:525)
                        	at org.testng.internal.Invoker.invokeConfigurations(Invoker.java:202)
                        	at org.testng.internal.Invoker.invokeConfigurations(Invoker.java:130)
                        	at org.testng.TestRunner.beforeRun(TestRunner.java:624)
                        	at org.testng.TestRunner.run(TestRunner.java:592)
                        	at org.testng.SuiteRunner.runTest(SuiteRunner.java:317)
                        	at org.testng.SuiteRunner.access$000(SuiteRunner.java:34)
                        	at org.testng.SuiteRunner$SuiteWorker.run(SuiteRunner.java:351)
                        	at org.testng.internal.thread.ThreadUtil$CountDownLatchedRunnable.run(ThreadUtil.java:147)
                        	at java.util.concurrent.ThreadPoolExecutor.runWorker(ThreadPoolExecutor.java:1145)
                        	at java.util.concurrent.ThreadPoolExecutor$Worker.run(ThreadPoolExecutor.java:615)
                        	at java.lang.Thread.run(Thread.java:722)
                        Caused by: java.lang.IllegalStateException: The path to the driver executable must be set by the webdriver.chrome.driver system
                        property; for more information, see http://code.google.com/p/selenium/wiki/ChromeDriver. The latest version can be downloaded
                        from http://chromedriver.storage.googleapis.com/index.html
                        	at com.google.common.base.Preconditions.checkState(Preconditions.java:177)
                        	at org.openqa.selenium.remote.service.DriverService.findExecutable(DriverService.java:105)
                        	at org.openqa.selenium.chrome.ChromeDriverService.createDefaultService(ChromeDriverService.java:75)
                        	at org.openqa.selenium.chrome.ChromeDriver.&lt;init&gt;(ChromeDriver.java:129)
                        	at sun.reflect.NativeConstructorAccessorImpl.newInstance0(Native Method)
                        	at sun.reflect.NativeConstructorAccessorImpl.newInstance(Unknown Source)
                        	at sun.reflect.DelegatingConstructorAccessorImpl.newInstance(Unknown Source)
                        	at java.lang.reflect.Constructor.newInstance(Unknown Source)
                        	at org.openqa.selenium.remote.server.DefaultDriverFactory.callConstructor(DefaultDriverFactory.java:62)
                        	at org.openqa.selenium.remote.server.DefaultDriverFactory.newInstance(DefaultDriverFactory.java:56)
                        	at org.openqa.selenium.remote.server.DefaultSession$BrowserCreator.call(DefaultSession.java:216)
                        	at org.openqa.selenium.remote.server.DefaultSession$BrowserCreator.call(DefaultSession.java:1)
                        	at java.util.concurrent.FutureTask.run(Unknown Source)
                        	at org.openqa.selenium.remote.server.DefaultSession$1.run(DefaultSession.java:170)
                        	at java.util.concurrent.ThreadPoolExecutor.runWorker(Unknown Source)
                        	at java.util.concurrent.ThreadPoolExecutor$Worker.run(Unknown Source)
                        	at java.lang.Thread.run(Unknown Source)
                     </pre>
                  </div>
               </td>
            </tr>
            <tr id="SeGridTest_testBmiCalculator_byClass_SKIP2_row"
                class="testMethodStatusSKIP">
               <td width="100%" class="firstMethodCell">
                  <a onclick="toggleDetailsVisibility('SeGridTest_testBmiCalculator_byClass_SKIP2_details')">testBmiCalculator()</a>
               </td>
               <td nowrap="true">23:11:35</td>
               <td nowrap="true" align="right">1 ms
                  
               </td>
               <td nowrap="true">
                   
                  
               </td>
            </tr>
            <tr>
               <td colspan="4" class="detailsBox">
                  <div id="SeGridTest_testBmiCalculator_byClass_SKIP2_details"
                       class="testMethodDetails">
                     <div>
                        <b>Name: </b>testBmiCalculator
                     </div>
                     <div>
                        <b>Description: </b>Test Bmi Calculator
                     </div>
                     <div>
                        <b>Signature: </b>testBmiCalculator()
                     </div>
                     <div>
                        <b>Start time: </b>23:11:35
                     </div>
                     <div>
                        <b>End time: </b>23:11:35
                     </div>
                     <div>
                        <b>Duration: </b>1 ms
                        
                     </div>
                  </div>
               </td>
            </tr>
            <tr></tr>
            <tr id="SeGridTest_afterTest_byClass_SKIP3_row"
                class="testMethodStatusSKIP testMethodStatusCONF">
               <td width="100%" class="firstMethodCell">
                  <a onclick="toggleDetailsVisibility('SeGridTest_afterTest_byClass_SKIP3_details')">afterTest()</a>
               </td>
               <td nowrap="true">23:11:35</td>
               <td nowrap="true" align="right">0 ms
                  
               </td>
               <td nowrap="true">
                   
                  
               </td>
            </tr>
            <tr>
               <td colspan="4" class="detailsBox">
                  <div id="SeGridTest_afterTest_byClass_SKIP3_details" class="testMethodDetails">
                     <div>
                        <b>Name: </b>afterTest
                     </div>
                     <div>
                        <b>Signature: </b>afterTest()
                     </div>
                     <div>
                        <b>Start time: </b>23:11:35
                     </div>
                     <div>
                        <b>End time: </b>23:11:35
                     </div>
                     <div>
                        <b>Duration: </b>0 ms
                        
                     </div>
                  </div>
               </td>
            </tr>
            <tr></tr>
         </table>
         <br></br>
      </div>
      <div style="margin-top: 15px; color: gray; text-align: center; font-size: 9px;">
         Generated with
         
         <a href="http://code.google.com/p/testng-xslt/" style="color: #8888aa;"
            target="_blank">
            TestNG XSLT
            
         </a>
      </div>
   </body>
</html>